c:\users\kyle\desktop\code practice\stockprojectcpp-master\stockprojectcpp\x64\debug\stockprojectcpp.pch
c:\users\kyle\desktop\code practice\stockprojectcpp-master\stockprojectcpp\x64\debug\vc143.pdb
c:\users\kyle\desktop\code practice\stockprojectcpp-master\stockprojectcpp\x64\debug\pch.obj
c:\users\kyle\desktop\code practice\stockprojectcpp-master\stockprojectcpp\x64\debug\patternrecognizer.obj
c:\users\kyle\desktop\code practice\stockprojectcpp-master\stockprojectcpp\x64\debug\form_candlestickchart.obj
c:\users\kyle\desktop\code practice\stockprojectcpp-master\stockprojectcpp\x64\debug\form1.obj
c:\users\kyle\desktop\code practice\stockprojectcpp-master\stockprojectcpp\x64\debug\filereader.obj
c:\users\kyle\desktop\code practice\stockprojectcpp-master\stockprojectcpp\x64\debug\cppclr_winformsproject.obj
c:\users\kyle\desktop\code practice\stockprojectcpp-master\stockprojectcpp\x64\debug\assemblyinfo.obj
c:\users\kyle\desktop\code practice\stockprojectcpp-master\stockprojectcpp\x64\debug\acandlestick.obj
c:\users\kyle\desktop\code practice\stockprojectcpp-master\stockprojectcpp\x64\debug\.netframework,version=v4.7.2.assemblyattributes.obj
c:\users\kyle\desktop\code practice\stockprojectcpp-master\x64\debug\stockprojectcpp.exe
c:\users\kyle\desktop\code practice\stockprojectcpp-master\x64\debug\stockprojectcpp.pdb
c:\users\kyle\desktop\code practice\stockprojectcpp-master\stockprojectcpp\x64\debug\app.res
c:\users\kyle\desktop\code practice\stockprojectcpp-master\stockprojectcpp\x64\debug\stockprojectcpp.tlog\cl.command.1.tlog
c:\users\kyle\desktop\code practice\stockprojectcpp-master\stockprojectcpp\x64\debug\stockprojectcpp.tlog\cl.items.tlog
c:\users\kyle\desktop\code practice\stockprojectcpp-master\stockprojectcpp\x64\debug\stockprojectcpp.tlog\cl.read.1.tlog
c:\users\kyle\desktop\code practice\stockprojectcpp-master\stockprojectcpp\x64\debug\stockprojectcpp.tlog\cl.write.1.tlog
c:\users\kyle\desktop\code practice\stockprojectcpp-master\stockprojectcpp\x64\debug\stockprojectcpp.tlog\link.command.1.tlog
c:\users\kyle\desktop\code practice\stockprojectcpp-master\stockprojectcpp\x64\debug\stockprojectcpp.tlog\link.read.1.tlog
c:\users\kyle\desktop\code practice\stockprojectcpp-master\stockprojectcpp\x64\debug\stockprojectcpp.tlog\link.write.1.tlog
c:\users\kyle\desktop\code practice\stockprojectcpp-master\stockprojectcpp\x64\debug\stockprojectcpp.tlog\metagen.read.1.tlog
c:\users\kyle\desktop\code practice\stockprojectcpp-master\stockprojectcpp\x64\debug\stockprojectcpp.tlog\metagen.write.1.tlog
c:\users\kyle\desktop\code practice\stockprojectcpp-master\stockprojectcpp\x64\debug\stockprojectcpp.tlog\rc.command.1.tlog
c:\users\kyle\desktop\code practice\stockprojectcpp-master\stockprojectcpp\x64\debug\stockprojectcpp.tlog\rc.read.1.tlog
c:\users\kyle\desktop\code practice\stockprojectcpp-master\stockprojectcpp\x64\debug\stockprojectcpp.tlog\rc.write.1.tlog
c:\users\kyle\desktop\code practice\stockprojectcpp-master\stockprojectcpp\x64\debug\stockprojectcpp.tlog\resgen.command.1.tlog
c:\users\kyle\desktop\code practice\stockprojectcpp-master\stockprojectcpp\x64\debug\stockprojectcpp.tlog\resgen.read.1.tlog
c:\users\kyle\desktop\code practice\stockprojectcpp-master\stockprojectcpp\x64\debug\stockprojectcpp.tlog\resgen.write.1.tlog
